<?xml version="1.0" encoding="UTF-8"?>
<testng-results ignored="0" total="2" passed="2" failed="0" skipped="0">
  <reporter-output>
  </reporter-output>
  <suite started-at="2023-07-28T06:22:17 IST" name="Default suite" finished-at="2023-07-28T06:23:02 IST" duration-ms="45012">
    <groups>
    </groups>
    <test started-at="2023-07-28T06:22:17 IST" name="Default test" finished-at="2023-07-28T06:23:02 IST" duration-ms="45012">
      <class name="com.orangeHrm.test.LoginPageTest">
        <test-method is-config="true" signature="setup()[pri:0, instance:com.orangeHrm.test.LoginPageTest@7526515b]" started-at="2023-07-28T06:22:17 IST" name="setup" finished-at="2023-07-28T06:22:35 IST" duration-ms="18261" status="PASS">
          <reporter-output>
          </reporter-output>
        </test-method> <!-- setup -->
        <test-method signature="verifyLogin()[pri:0, instance:com.orangeHrm.test.LoginPageTest@7526515b]" started-at="2023-07-28T06:22:35 IST" name="verifyLogin" finished-at="2023-07-28T06:22:45 IST" duration-ms="9058" status="PASS">
          <reporter-output>
          </reporter-output>
        </test-method> <!-- verifyLogin -->
        <test-method is-config="true" signature="tearDown()[pri:0, instance:com.orangeHrm.test.LoginPageTest@7526515b]" started-at="2023-07-28T06:22:45 IST" name="tearDown" finished-at="2023-07-28T06:22:45 IST" duration-ms="461" status="PASS">
          <reporter-output>
          </reporter-output>
        </test-method> <!-- tearDown -->
        <test-method is-config="true" signature="setup()[pri:0, instance:com.orangeHrm.test.LoginPageTest@7526515b]" started-at="2023-07-28T06:22:45 IST" name="setup" finished-at="2023-07-28T06:22:58 IST" duration-ms="12577" status="PASS">
          <reporter-output>
          </reporter-output>
        </test-method> <!-- setup -->
        <test-method signature="verifyLogo()[pri:0, instance:com.orangeHrm.test.LoginPageTest@7526515b]" started-at="2023-07-28T06:22:58 IST" name="verifyLogo" finished-at="2023-07-28T06:23:02 IST" duration-ms="4110" status="PASS">
          <reporter-output>
          </reporter-output>
        </test-method> <!-- verifyLogo -->
        <test-method is-config="true" signature="tearDown()[pri:0, instance:com.orangeHrm.test.LoginPageTest@7526515b]" started-at="2023-07-28T06:23:02 IST" name="tearDown" finished-at="2023-07-28T06:23:02 IST" duration-ms="347" status="PASS">
          <reporter-output>
          </reporter-output>
        </test-method> <!-- tearDown -->
      </class> <!-- com.orangeHrm.test.LoginPageTest -->
    </test> <!-- Default test -->
  </suite> <!-- Default suite -->
</testng-results>
